[debug] [2024-10-30T06:40:46.537Z] ----------------------------------------------------------------------
[debug] [2024-10-30T06:40:46.542Z] Command:       /usr/local/bin/node /usr/local/bin/firebase init
[debug] [2024-10-30T06:40:46.543Z] CLI Version:   13.23.0
[debug] [2024-10-30T06:40:46.543Z] Platform:      darwin
[debug] [2024-10-30T06:40:46.543Z] Node Version:  v20.14.0
[debug] [2024-10-30T06:40:46.543Z] Time:          Wed Oct 30 2024 09:40:46 GMT+0300 (East Africa Time)
[debug] [2024-10-30T06:40:46.544Z] ----------------------------------------------------------------------
[debug] 
[debug] [2024-10-30T06:40:46.557Z] > command requires scopes: ["email","openid","https://www.googleapis.com/auth/cloudplatformprojects.readonly","https://www.googleapis.com/auth/firebase","https://www.googleapis.com/auth/cloud-platform"]
[debug] [2024-10-30T06:40:46.557Z] > authorizing via signed-in user (support@fajrairlines.com)
[info] 
     ######## #### ########  ######## ########     ###     ######  ########
     ##        ##  ##     ## ##       ##     ##  ##   ##  ##       ##
     ######    ##  ########  ######   ########  #########  ######  ######
     ##        ##  ##    ##  ##       ##     ## ##     ##       ## ##
     ##       #### ##     ## ######## ########  ##     ##  ######  ########

You're about to initialize a Firebase project in this directory:

  /Users/lewinskie/Projects/fajrairlines

[info] 
=== Project Setup
[info] 
[info] First, let's associate this project directory with a Firebase project.
[info] You can create multiple project aliases by running firebase use --add, 
[info] but for now we'll just set up a default project.
[info] 
[debug] [2024-10-30T06:41:15.471Z] Checked if tokens are valid: false, expires at: 1730210252954
[debug] [2024-10-30T06:41:15.471Z] Checked if tokens are valid: false, expires at: 1730210252954
[debug] [2024-10-30T06:41:15.472Z] > refreshing access token with scopes: []
[debug] [2024-10-30T06:41:15.476Z] >>> [apiv2][query] POST https://www.googleapis.com/oauth2/v3/token [none]
[debug] [2024-10-30T06:41:15.476Z] >>> [apiv2][body] POST https://www.googleapis.com/oauth2/v3/token [omitted]
[debug] [2024-10-30T06:41:16.136Z] <<< [apiv2][status] POST https://www.googleapis.com/oauth2/v3/token 400
[debug] [2024-10-30T06:41:16.137Z] <<< [apiv2][body] POST https://www.googleapis.com/oauth2/v3/token [omitted]
[debug] [2024-10-30T06:41:16.137Z] Authentication Error: Your credentials are no longer valid. Please run firebase login --reauth

For CI servers and headless environments, generate a new token with firebase login:ci
[debug] [2024-10-30T06:41:16.499Z] FirebaseError: Authentication Error: Your credentials are no longer valid. Please run firebase login --reauth

For CI servers and headless environments, generate a new token with firebase login:ci
    at invalidCredentialError (/Users/lewinskie/.config/yarn/global/node_modules/firebase-tools/lib/auth.js:141:12)
    at refreshTokens (/Users/lewinskie/.config/yarn/global/node_modules/firebase-tools/lib/auth.js:527:15)
    at process.processTicksAndRejections (node:internal/process/task_queues:95:5)
    at async getAccessToken (/Users/lewinskie/.config/yarn/global/node_modules/firebase-tools/lib/apiv2.js:42:18)
    at async Client.addAuthHeader (/Users/lewinskie/.config/yarn/global/node_modules/firebase-tools/lib/apiv2.js:169:21)
    at async Client.request (/Users/lewinskie/.config/yarn/global/node_modules/firebase-tools/lib/apiv2.js:120:34)
    at async getProjectPage (/Users/lewinskie/.config/yarn/global/node_modules/firebase-tools/lib/management/projects.js:238:17)
    at async getFirebaseProjectPage (/Users/lewinskie/.config/yarn/global/node_modules/firebase-tools/lib/management/projects.js:255:23)
    at async selectProjectInteractively (/Users/lewinskie/.config/yarn/global/node_modules/firebase-tools/lib/management/projects.js:94:41)
    at async doSetup (/Users/lewinskie/.config/yarn/global/node_modules/firebase-tools/lib/init/features/project.js:88:27)
[error] 
[error] Error: Failed to list Firebase projects. See firebase-debug.log for more info.
